# JRE version: Java(TM) SE Runtime Environment (8.0_20-b26) (build 1.8.0_20-b26)
# Java VM: Java HotSpot(TM) 64-Bit Server VM (25.20-b23 mixed mode windows-amd64 compressed oops)
Heap:
 PSYoungGen      total 313344K, used 158866K [0x00000000eab00000, 0x0000000100000000, 0x0000000100000000)
  eden space 290816K, 46% used [0x00000000eab00000,0x00000000f302a2a0,0x00000000fc700000)
  from space 22528K, 99% used [0x00000000fea00000,0x00000000ffffa670,0x0000000100000000)
  to   space 29184K, 0% used [0x00000000fc700000,0x00000000fc700000,0x00000000fe380000)
 ParOldGen       total 76800K, used 44286K [0x00000000c0000000, 0x00000000c4b00000, 0x00000000eab00000)
  object space 76800K, 57% used [0x00000000c0000000,0x00000000c2b3fb40,0x00000000c4b00000)
 Metaspace       used 55443K, capacity 57490K, committed 57728K, reserved 1099776K
  class space    used 7542K, capacity 8306K, committed 8320K, reserved 1048576K
GC Heap History (10 events):
Event: 6.205 GC heap before
{Heap before GC invocations=7 (full 1):
 PSYoungGen      total 132096K, used 95034K [0x00000000eab00000, 0x00000000faf80000, 0x0000000100000000)
  eden space 126976K, 70% used [0x00000000eab00000,0x00000000f02d27f0,0x00000000f2700000)
  from space 5120K, 99% used [0x00000000f2700000,0x00000000f2bfc030,0x00000000f2c00000)
  to   space 14336K, 0% used [0x00000000fa180000,0x00000000fa180000,0x00000000faf80000)
 ParOldGen       total 49664K, used 13663K [0x00000000c0000000, 0x00000000c3080000, 0x00000000eab00000)
  object space 49664K, 27% used [0x00000000c0000000,0x00000000c0d57cd8,0x00000000c3080000)
 Metaspace       used 34477K, capacity 35420K, committed 35496K, reserved 1079296K
  class space    used 4698K, capacity 5083K, committed 5120K, reserved 1048576K
Event: 6.242 GC heap after
Heap after GC invocations=7 (full 1):
 PSYoungGen      total 247296K, used 14314K [0x00000000eab00000, 0x00000000fb600000, 0x0000000100000000)
  eden space 232960K, 0% used [0x00000000eab00000,0x00000000eab00000,0x00000000f8e80000)
  from space 14336K, 99% used [0x00000000fa180000,0x00000000faf7a850,0x00000000faf80000)
  to   space 19456K, 0% used [0x00000000f8e80000,0x00000000f8e80000,0x00000000fa180000)
 ParOldGen       total 49664K, used 17680K [0x00000000c0000000, 0x00000000c3080000, 0x00000000eab00000)
  object space 49664K, 35% used [0x00000000c0000000,0x00000000c1144040,0x00000000c3080000)
 Metaspace       used 34477K, capacity 35420K, committed 35496K, reserved 1079296K
  class space    used 4698K, capacity 5083K, committed 5120K, reserved 1048576K
}
Event: 6.242 GC heap before
{Heap before GC invocations=8 (full 2):
 PSYoungGen      total 247296K, used 14314K [0x00000000eab00000, 0x00000000fb600000, 0x0000000100000000)
  eden space 232960K, 0% used [0x00000000eab00000,0x00000000eab00000,0x00000000f8e80000)
  from space 14336K, 99% used [0x00000000fa180000,0x00000000faf7a850,0x00000000faf80000)
  to   space 19456K, 0% used [0x00000000f8e80000,0x00000000f8e80000,0x00000000fa180000)
 ParOldGen       total 49664K, used 17680K [0x00000000c0000000, 0x00000000c3080000, 0x00000000eab00000)
  object space 49664K, 35% used [0x00000000c0000000,0x00000000c1144040,0x00000000c3080000)
 Metaspace       used 34477K, capacity 35420K, committed 35496K, reserved 1079296K
  class space    used 4698K, capacity 5083K, committed 5120K, reserved 1048576K
Event: 6.357 GC heap after
Heap after GC invocations=8 (full 2):
 PSYoungGen      total 247296K, used 0K [0x00000000eab00000, 0x00000000fb600000, 0x0000000100000000)
  eden space 232960K, 0% used [0x00000000eab00000,0x00000000eab00000,0x00000000f8e80000)
  from space 14336K, 0% used [0x00000000fa180000,0x00000000fa180000,0x00000000faf80000)
  to   space 19456K, 0% used [0x00000000f8e80000,0x00000000f8e80000,0x00000000fa180000)
 ParOldGen       total 76800K, used 25617K [0x00000000c0000000, 0x00000000c4b00000, 0x00000000eab00000)
  object space 76800K, 33% used [0x00000000c0000000,0x00000000c1904678,0x00000000c4b00000)
 Metaspace       used 34477K, capacity 35420K, committed 35496K, reserved 1079296K
  class space    used 4698K, capacity 5083K, committed 5120K, reserved 1048576K
}
Event: 16.396 GC heap before
{Heap before GC invocations=9 (full 2):
 PSYoungGen      total 247296K, used 191777K [0x00000000eab00000, 0x00000000fb600000, 0x0000000100000000)
  eden space 232960K, 82% used [0x00000000eab00000,0x00000000f66486e0,0x00000000f8e80000)
  from space 14336K, 0% used [0x00000000fa180000,0x00000000fa180000,0x00000000faf80000)
  to   space 19456K, 0% used [0x00000000f8e80000,0x00000000f8e80000,0x00000000fa180000)
 ParOldGen       total 76800K, used 25617K [0x00000000c0000000, 0x00000000c4b00000, 0x00000000eab00000)
  object space 76800K, 33% used [0x00000000c0000000,0x00000000c1904678,0x00000000c4b00000)
 Metaspace       used 40710K, capacity 42012K, committed 42240K, reserved 1085440K
  class space    used 5631K, capacity 6087K, committed 6144K, reserved 1048576K
Event: 16.415 GC heap after
Heap after GC invocations=9 (full 2):
 PSYoungGen      total 252416K, used 18556K [0x00000000eab00000, 0x0000000100000000, 0x0000000100000000)
  eden space 232960K, 0% used [0x00000000eab00000,0x00000000eab00000,0x00000000f8e80000)
  from space 19456K, 95% used [0x00000000f8e80000,0x00000000fa09f3f0,0x00000000fa180000)
  to   space 22528K, 0% used [0x00000000fea00000,0x00000000fea00000,0x0000000100000000)
 ParOldGen       total 76800K, used 25625K [0x00000000c0000000, 0x00000000c4b00000, 0x00000000eab00000)
  object space 76800K, 33% used [0x00000000c0000000,0x00000000c1906678,0x00000000c4b00000)
 Metaspace       used 40710K, capacity 42012K, committed 42240K, reserved 1085440K
  class space    used 5631K, capacity 6087K, committed 6144K, reserved 1048576K
}
Event: 16.415 GC heap before
{Heap before GC invocations=10 (full 3):
 PSYoungGen      total 252416K, used 18556K [0x00000000eab00000, 0x0000000100000000, 0x0000000100000000)
  eden space 232960K, 0% used [0x00000000eab00000,0x00000000eab00000,0x00000000f8e80000)
  from space 19456K, 95% used [0x00000000f8e80000,0x00000000fa09f3f0,0x00000000fa180000)
  to   space 22528K, 0% used [0x00000000fea00000,0x00000000fea00000,0x0000000100000000)
 ParOldGen       total 76800K, used 25625K [0x00000000c0000000, 0x00000000c4b00000, 0x00000000eab00000)
  object space 76800K, 33% used [0x00000000c0000000,0x00000000c1906678,0x00000000c4b00000)
 Metaspace       used 40710K, capacity 42012K, committed 42240K, reserved 1085440K
  class space    used 5631K, capacity 6087K, committed 6144K, reserved 1048576K
Event: 16.591 GC heap after
Heap after GC invocations=10 (full 3):
 PSYoungGen      total 252416K, used 0K [0x00000000eab00000, 0x0000000100000000, 0x0000000100000000)
  eden space 232960K, 0% used [0x00000000eab00000,0x00000000eab00000,0x00000000f8e80000)
  from space 19456K, 0% used [0x00000000f8e80000,0x00000000f8e80000,0x00000000fa180000)
  to   space 22528K, 0% used [0x00000000fea00000,0x00000000fea00000,0x0000000100000000)
 ParOldGen       total 76800K, used 37403K [0x00000000c0000000, 0x00000000c4b00000, 0x00000000eab00000)
  object space 76800K, 48% used [0x00000000c0000000,0x00000000c2486ca0,0x00000000c4b00000)
 Metaspace       used 40710K, capacity 42012K, committed 42240K, reserved 1085440K
  class space    used 5631K, capacity 6087K, committed 6144K, reserved 1048576K
}
Event: 563.263 GC heap before
{Heap before GC invocations=11 (full 3):
 PSYoungGen      total 252416K, used 232960K [0x00000000eab00000, 0x0000000100000000, 0x0000000100000000)
  eden space 232960K, 100% used [0x00000000eab00000,0x00000000f8e80000,0x00000000f8e80000)
  from space 19456K, 0% used [0x00000000f8e80000,0x00000000f8e80000,0x00000000fa180000)
  to   space 22528K, 0% used [0x00000000fea00000,0x00000000fea00000,0x0000000100000000)
 ParOldGen       total 76800K, used 37403K [0x00000000c0000000, 0x00000000c4b00000, 0x00000000eab00000)
  object space 76800K, 48% used [0x00000000c0000000,0x00000000c2486ca0,0x00000000c4b00000)
 Metaspace       used 49089K, capacity 50982K, committed 51072K, reserved 1093632K
  class space    used 6805K, capacity 7517K, committed 7552K, reserved 1048576K
Event: 563.330 GC heap after
Heap after GC invocations=11 (full 3):
 PSYoungGen      total 313344K, used 22505K [0x00000000eab00000, 0x0000000100000000, 0x0000000100000000)
  eden space 290816K, 0% used [0x00000000eab00000,0x00000000eab00000,0x00000000fc700000)
  from space 22528K, 99% used [0x00000000fea00000,0x00000000ffffa670,0x0000000100000000)
  to   space 29184K, 0% used [0x00000000fc700000,0x00000000fc700000,0x00000000fe380000)
 ParOldGen       total 76800K, used 44286K [0x00000000c0000000, 0x00000000c4b00000, 0x00000000eab00000)
  object space 76800K, 57% used [0x00000000c0000000,0x00000000c2b3fb40,0x00000000c4b00000)
 Metaspace       used 49089K, capacity 50982K, committed 51072K, reserved 1093632K
  class space    used 6805K, capacity 7517K, committed 7552K, reserved 1048576K
}

