# JRE version: Java(TM) SE Runtime Environment (8.0_20-b26) (build 1.8.0_20-b26)
# Java VM: Java HotSpot(TM) 64-Bit Server VM (25.20-b23 mixed mode windows-amd64 compressed oops)
Heap:
 PSYoungGen      total 294400K, used 47891K [0x00000000eab00000, 0x0000000100000000, 0x0000000100000000)
  eden space 257024K, 4% used [0x00000000eab00000,0x00000000eb584a18,0x00000000fa600000)
  from space 37376K, 99% used [0x00000000fa600000,0x00000000fca40560,0x00000000fca80000)
  to   space 50176K, 0% used [0x00000000fcf00000,0x00000000fcf00000,0x0000000100000000)
 ParOldGen       total 146944K, used 74458K [0x00000000c0000000, 0x00000000c8f80000, 0x00000000eab00000)
  object space 146944K, 50% used [0x00000000c0000000,0x00000000c48b69f0,0x00000000c8f80000)
 Metaspace       used 73468K, capacity 76366K, committed 77352K, reserved 1116160K
  class space    used 9995K, capacity 11089K, committed 11304K, reserved 1048576K
GC Heap History (10 events):
Event: 1609.168 GC heap before
{Heap before GC invocations=17 (full 5):
 PSYoungGen      total 318976K, used 21272K [0x00000000eab00000, 0x0000000100000000, 0x0000000100000000)
  eden space 293888K, 0% used [0x00000000eab00000,0x00000000eab00000,0x00000000fca00000)
  from space 25088K, 84% used [0x00000000fe780000,0x00000000ffc46088,0x0000000100000000)
  to   space 27648K, 0% used [0x00000000fca00000,0x00000000fca00000,0x00000000fe500000)
 ParOldGen       total 74752K, used 54344K [0x00000000c0000000, 0x00000000c4900000, 0x00000000eab00000)
  object space 74752K, 72% used [0x00000000c0000000,0x00000000c3512358,0x00000000c4900000)
 Metaspace       used 54691K, capacity 57760K, committed 58024K, reserved 1097728K
  class space    used 7706K, capacity 8799K, committed 8872K, reserved 1048576K
Event: 1609.370 GC heap after
Heap after GC invocations=17 (full 5):
 PSYoungGen      total 318976K, used 0K [0x00000000eab00000, 0x0000000100000000, 0x0000000100000000)
  eden space 293888K, 0% used [0x00000000eab00000,0x00000000eab00000,0x00000000fca00000)
  from space 25088K, 0% used [0x00000000fe780000,0x00000000fe780000,0x0000000100000000)
  to   space 27648K, 0% used [0x00000000fca00000,0x00000000fca00000,0x00000000fe500000)
 ParOldGen       total 74752K, used 32397K [0x00000000c0000000, 0x00000000c4900000, 0x00000000eab00000)
  object space 74752K, 43% used [0x00000000c0000000,0x00000000c1fa34e0,0x00000000c4900000)
 Metaspace       used 41027K, capacity 41406K, committed 58024K, reserved 1097728K
  class space    used 5426K, capacity 5546K, committed 8872K, reserved 1048576K
}
Event: 1633.707 GC heap before
{Heap before GC invocations=18 (full 5):
 PSYoungGen      total 318976K, used 293888K [0x00000000eab00000, 0x0000000100000000, 0x0000000100000000)
  eden space 293888K, 100% used [0x00000000eab00000,0x00000000fca00000,0x00000000fca00000)
  from space 25088K, 0% used [0x00000000fe780000,0x00000000fe780000,0x0000000100000000)
  to   space 27648K, 0% used [0x00000000fca00000,0x00000000fca00000,0x00000000fe500000)
 ParOldGen       total 74752K, used 32397K [0x00000000c0000000, 0x00000000c4900000, 0x00000000eab00000)
  object space 74752K, 43% used [0x00000000c0000000,0x00000000c1fa34e0,0x00000000c4900000)
 Metaspace       used 49378K, capacity 50744K, committed 58024K, reserved 1097728K
  class space    used 6662K, capacity 7145K, committed 8872K, reserved 1048576K
Event: 1633.781 GC heap after
Heap after GC invocations=18 (full 5):
 PSYoungGen      total 321536K, used 27640K [0x00000000eab00000, 0x0000000100000000, 0x0000000100000000)
  eden space 293888K, 0% used [0x00000000eab00000,0x00000000eab00000,0x00000000fca00000)
  from space 27648K, 99% used [0x00000000fca00000,0x00000000fe4fe308,0x00000000fe500000)
  to   space 27648K, 0% used [0x00000000fe500000,0x00000000fe500000,0x0000000100000000)
 ParOldGen       total 74752K, used 40273K [0x00000000c0000000, 0x00000000c4900000, 0x00000000eab00000)
  object space 74752K, 53% used [0x00000000c0000000,0x00000000c27544e0,0x00000000c4900000)
 Metaspace       used 49378K, capacity 50744K, committed 58024K, reserved 1097728K
  class space    used 6662K, capacity 7145K, committed 8872K, reserved 1048576K
}
Event: 1734.073 GC heap before
{Heap before GC invocations=19 (full 5):
 PSYoungGen      total 321536K, used 321528K [0x00000000eab00000, 0x0000000100000000, 0x0000000100000000)
  eden space 293888K, 100% used [0x00000000eab00000,0x00000000fca00000,0x00000000fca00000)
  from space 27648K, 99% used [0x00000000fca00000,0x00000000fe4fe308,0x00000000fe500000)
  to   space 27648K, 0% used [0x00000000fe500000,0x00000000fe500000,0x0000000100000000)
 ParOldGen       total 74752K, used 40273K [0x00000000c0000000, 0x00000000c4900000, 0x00000000eab00000)
  object space 74752K, 53% used [0x00000000c0000000,0x00000000c27544e0,0x00000000c4900000)
 Metaspace       used 60007K, capacity 62514K, committed 63784K, reserved 1103872K
  class space    used 8189K, capacity 9152K, committed 9512K, reserved 1048576K
Event: 1734.142 GC heap after
Heap after GC invocations=19 (full 5):
 PSYoungGen      total 284672K, used 27647K [0x00000000eab00000, 0x0000000100000000, 0x0000000100000000)
  eden space 257024K, 0% used [0x00000000eab00000,0x00000000eab00000,0x00000000fa600000)
  from space 27648K, 99% used [0x00000000fe500000,0x00000000fffffde0,0x0000000100000000)
  to   space 46080K, 0% used [0x00000000fa600000,0x00000000fa600000,0x00000000fd300000)
 ParOldGen       total 74752K, used 61887K [0x00000000c0000000, 0x00000000c4900000, 0x00000000eab00000)
  object space 74752K, 82% used [0x00000000c0000000,0x00000000c3c6fc90,0x00000000c4900000)
 Metaspace       used 60007K, capacity 62514K, committed 63784K, reserved 1103872K
  class space    used 8189K, capacity 9152K, committed 9512K, reserved 1048576K
}
Event: 1734.142 GC heap before
{Heap before GC invocations=20 (full 6):
 PSYoungGen      total 284672K, used 27647K [0x00000000eab00000, 0x0000000100000000, 0x0000000100000000)
  eden space 257024K, 0% used [0x00000000eab00000,0x00000000eab00000,0x00000000fa600000)
  from space 27648K, 99% used [0x00000000fe500000,0x00000000fffffde0,0x0000000100000000)
  to   space 46080K, 0% used [0x00000000fa600000,0x00000000fa600000,0x00000000fd300000)
 ParOldGen       total 74752K, used 61887K [0x00000000c0000000, 0x00000000c4900000, 0x00000000eab00000)
  object space 74752K, 82% used [0x00000000c0000000,0x00000000c3c6fc90,0x00000000c4900000)
 Metaspace       used 60007K, capacity 62514K, committed 63784K, reserved 1103872K
  class space    used 8189K, capacity 9152K, committed 9512K, reserved 1048576K
Event: 1734.387 GC heap after
Heap after GC invocations=20 (full 6):
 PSYoungGen      total 284672K, used 0K [0x00000000eab00000, 0x0000000100000000, 0x0000000100000000)
  eden space 257024K, 0% used [0x00000000eab00000,0x00000000eab00000,0x00000000fa600000)
  from space 27648K, 0% used [0x00000000fe500000,0x00000000fe500000,0x0000000100000000)
  to   space 46080K, 0% used [0x00000000fa600000,0x00000000fa600000,0x00000000fd300000)
 ParOldGen       total 146944K, used 74442K [0x00000000c0000000, 0x00000000c8f80000, 0x00000000eab00000)
  object space 146944K, 50% used [0x00000000c0000000,0x00000000c48b29f0,0x00000000c8f80000)
 Metaspace       used 60007K, capacity 62514K, committed 63784K, reserved 1103872K
  class space    used 8189K, capacity 9152K, committed 9512K, reserved 1048576K
}
Event: 1740.281 GC heap before
{Heap before GC invocations=21 (full 6):
 PSYoungGen      total 284672K, used 257024K [0x00000000eab00000, 0x0000000100000000, 0x0000000100000000)
  eden space 257024K, 100% used [0x00000000eab00000,0x00000000fa600000,0x00000000fa600000)
  from space 27648K, 0% used [0x00000000fe500000,0x00000000fe500000,0x0000000100000000)
  to   space 46080K, 0% used [0x00000000fa600000,0x00000000fa600000,0x00000000fd300000)
 ParOldGen       total 146944K, used 74442K [0x00000000c0000000, 0x00000000c8f80000, 0x00000000eab00000)
  object space 146944K, 50% used [0x00000000c0000000,0x00000000c48b29f0,0x00000000c8f80000)
 Metaspace       used 73348K, capacity 76248K, committed 77352K, reserved 1116160K
  class space    used 9974K, capacity 11047K, committed 11304K, reserved 1048576K
Event: 1740.336 GC heap after
Heap after GC invocations=21 (full 6):
 PSYoungGen      total 294400K, used 37121K [0x00000000eab00000, 0x0000000100000000, 0x0000000100000000)
  eden space 257024K, 0% used [0x00000000eab00000,0x00000000eab00000,0x00000000fa600000)
  from space 37376K, 99% used [0x00000000fa600000,0x00000000fca40560,0x00000000fca80000)
  to   space 50176K, 0% used [0x00000000fcf00000,0x00000000fcf00000,0x0000000100000000)
 ParOldGen       total 146944K, used 74458K [0x00000000c0000000, 0x00000000c8f80000, 0x00000000eab00000)
  object space 146944K, 50% used [0x00000000c0000000,0x00000000c48b69f0,0x00000000c8f80000)
 Metaspace       used 73348K, capacity 76248K, committed 77352K, reserved 1116160K
  class space    used 9974K, capacity 11047K, committed 11304K, reserved 1048576K
}

